<?xml version="1.0" encoding="UTF-8"?>
<testsuite xmlns:xsi="http://www.w3.org/2001/XMLSchema-instance" xsi:noNamespaceSchemaLocation="https://maven.apache.org/surefire/maven-surefire-plugin/xsd/surefire-test-report-3.0.xsd" version="3.0" name="stepdefs.TestRunner" time="93.872" tests="4" errors="0" skipped="0" failures="0">
  <properties>
[...]
</properties>
  <testcase name="Validate the Login failure scenario" classname="This feature is used to test the login funcationality of simplilearn" time="26.78">
    <system-out><![CDATA[
@Browser @Sanity
Scenario: Validate the Login failure scenario &amp#27;[90m# src/test/java/features/Login.feature:12&amp#27;[0m
  &amp#27;[32mGiven &amp#27;[0m&amp#27;[32mI have launched the application&amp#27;[0m       &amp#27;[90m# stepdefs.LoginStepDefs.i_have_launched_the_application()&amp#27;[0m
  &amp#27;[32mAnd &amp#27;[0m&amp#27;[32mI have clicked on login link&amp#27;[0m            &amp#27;[90m# stepdefs.LoginStepDefs.i_have_clicked_on_login_link()&amp#27;[0m
  &amp#27;[32mWhen &amp#27;[0m&amp#27;[32mI enter username&amp#27;[0m                       &amp#27;[90m# stepdefs.LoginStepDefs.i_enter_username()&amp#27;[0m
  &amp#27;[32mAnd &amp#27;[0m&amp#27;[32mI enter password&amp#27;[0m                        &amp#27;[90m# stepdefs.LoginStepDefs.i_enter_password()&amp#27;[0m
  &amp#27;[32mAnd &amp#27;[0m&amp#27;[32mI click on login button&amp#27;[0m                 &amp#27;[90m# stepdefs.LoginStepDefs.i_click_on_login_button()&amp#27;[0m
  &amp#27;[32mThen &amp#27;[0m&amp#27;[32mI should get the error message&amp#27;[0m         &amp#27;[90m# stepdefs.LoginStepDefs.i_should_get_the_error_message()&amp#27;[0m
]]></system-out>
    <system-err><![CDATA[Jun 09, 2023 4:31:32 PM io.cucumber.junit.Cucumber <init>
WARNING: By default Cucumber is running in --non-strict mode.
This default will change to --strict and --non-strict will be removed.
You can use --strict or @CucumberOptions(strict = true) to suppress this warning
SLF4J: Failed to load class "org.slf4j.impl.StaticLoggerBinder".
SLF4J: Defaulting to no-operation (NOP) logger implementation
SLF4J: See http://www.slf4j.org/codes.html#StaticLoggerBinder for further details.
Starting ChromeDriver 114.0.5735.90 (386bc09e8f4f2e025eddae123f36f6263096ae49-refs/branch-heads/5735@{#1052}) on port 39181
Only local connections are allowed.
Please see https://chromedriver.chromium.org/security-considerations for suggestions on keeping ChromeDriver safe.
ChromeDriver was started successfully.
Jun 09, 2023 4:31:36 PM org.openqa.selenium.remote.ProtocolHandshake createSession
INFO: Detected dialect: W3C
]]></system-err>
  </testcase>
  <testcase name="Validate the Login failure scenario using parameters" classname="This feature is used to test the login funcationality of simplilearn" time="24.013">
    <system-out><![CDATA[
@Browser @Sanity
Scenario: Validate the Login failure scenario using parameters                                &amp#27;[90m# src/test/java/features/Login.feature:20&amp#27;[0m
  &amp#27;[32mGiven &amp#27;[0m&amp#27;[32mI have launched the application&amp#27;[0m                                                       &amp#27;[90m# stepdefs.LoginStepDefs.i_have_launched_the_application()&amp#27;[0m
  &amp#27;[32mAnd &amp#27;[0m&amp#27;[32mI have clicked on login link&amp#27;[0m                                                            &amp#27;[90m# stepdefs.LoginStepDefs.i_have_clicked_on_login_link()&amp#27;[0m
  &amp#27;[32mWhen &amp#27;[0m&amp#27;[32mI enter username as &amp#27;[0m&amp#27;[32m&amp#27;[1m"abc@xyz.com"&amp#27;[0m                                                      &amp#27;[90m# stepdefs.LoginStepDefs.i_enter_username_as(java.lang.String)&amp#27;[0m
  &amp#27;[32mAnd &amp#27;[0m&amp#27;[32mI enter password as &amp#27;[0m&amp#27;[32m&amp#27;[1m"Abc@1234"&amp#27;[0m                                                          &amp#27;[90m# stepdefs.LoginStepDefs.i_enter_password_as(java.lang.String)&amp#27;[0m
  &amp#27;[32mAnd &amp#27;[0m&amp#27;[32mI click on login button&amp#27;[0m                                                                 &amp#27;[90m# stepdefs.LoginStepDefs.i_click_on_login_button()&amp#27;[0m
  &amp#27;[32mThen &amp#27;[0m&amp#27;[32mI should get the error message as &amp#27;[0m&amp#27;[32m&amp#27;[1m"The email or password you have entered is invalid."&amp#27;[0m &amp#27;[90m# stepdefs.LoginStepDefs.i_should_get_the_error_message_as(java.lang.String)&amp#27;[0m
]]></system-out>
    <system-err><![CDATA[Starting ChromeDriver 114.0.5735.90 (386bc09e8f4f2e025eddae123f36f6263096ae49-refs/branch-heads/5735@{#1052}) on port 19591
Only local connections are allowed.
Please see https://chromedriver.chromium.org/security-considerations for suggestions on keeping ChromeDriver safe.
ChromeDriver was started successfully.
Jun 09, 2023 4:32:01 PM org.openqa.selenium.remote.ProtocolHandshake createSession
INFO: Detected dialect: W3C
]]></system-err>
  </testcase>
  <testcase name="Validate the Login failure scenario using examples" classname="This feature is used to test the login funcationality of simplilearn" time="20.124">
    <system-out><![CDATA[
@Browser @Regression
Scenario Outline: Validate the Login failure scenario using examples                          &amp#27;[90m# src/test/java/features/Login.feature:39&amp#27;[0m
  &amp#27;[32mGiven &amp#27;[0m&amp#27;[32mI have launched the application&amp#27;[0m                                                       &amp#27;[90m# stepdefs.LoginStepDefs.i_have_launched_the_application()&amp#27;[0m
  &amp#27;[32mAnd &amp#27;[0m&amp#27;[32mI have clicked on login link&amp#27;[0m                                                            &amp#27;[90m# stepdefs.LoginStepDefs.i_have_clicked_on_login_link()&amp#27;[0m
  &amp#27;[32mWhen &amp#27;[0m&amp#27;[32mI enter username as &amp#27;[0m&amp#27;[32m&amp#27;[1m"pqr@xyz.com"&amp#27;[0m                                                      &amp#27;[90m# stepdefs.LoginStepDefs.i_enter_username_as(java.lang.String)&amp#27;[0m
  &amp#27;[32mAnd &amp#27;[0m&amp#27;[32mI enter password as &amp#27;[0m&amp#27;[32m&amp#27;[1m"Pqr@1234"&amp#27;[0m                                                          &amp#27;[90m# stepdefs.LoginStepDefs.i_enter_password_as(java.lang.String)&amp#27;[0m
  &amp#27;[32mAnd &amp#27;[0m&amp#27;[32mI click on login button&amp#27;[0m                                                                 &amp#27;[90m# stepdefs.LoginStepDefs.i_click_on_login_button()&amp#27;[0m
  &amp#27;[32mThen &amp#27;[0m&amp#27;[32mI should get the error message as &amp#27;[0m&amp#27;[32m&amp#27;[1m"The email or password you have entered is invalid."&amp#27;[0m &amp#27;[90m# stepdefs.LoginStepDefs.i_should_get_the_error_message_as(java.lang.String)&amp#27;[0m
]]></system-out>
    <system-err><![CDATA[Starting ChromeDriver 114.0.5735.90 (386bc09e8f4f2e025eddae123f36f6263096ae49-refs/branch-heads/5735@{#1052}) on port 43281
Only local connections are allowed.
Please see https://chromedriver.chromium.org/security-considerations for suggestions on keeping ChromeDriver safe.
ChromeDriver was started successfully.
Jun 09, 2023 4:32:24 PM org.openqa.selenium.remote.ProtocolHandshake createSession
INFO: Detected dialect: W3C
]]></system-err>
  </testcase>
  <testcase name="Validate the Login failure scenario using examples" classname="This feature is used to test the login funcationality of simplilearn" time="22.14">
    <system-out><![CDATA[
@Browser @Regression
Scenario Outline: Validate the Login failure scenario using examples                          &amp#27;[90m# src/test/java/features/Login.feature:40&amp#27;[0m
  &amp#27;[32mGiven &amp#27;[0m&amp#27;[32mI have launched the application&amp#27;[0m                                                       &amp#27;[90m# stepdefs.LoginStepDefs.i_have_launched_the_application()&amp#27;[0m
  &amp#27;[32mAnd &amp#27;[0m&amp#27;[32mI have clicked on login link&amp#27;[0m                                                            &amp#27;[90m# stepdefs.LoginStepDefs.i_have_clicked_on_login_link()&amp#27;[0m
  &amp#27;[32mWhen &amp#27;[0m&amp#27;[32mI enter username as &amp#27;[0m&amp#27;[32m&amp#27;[1m"xyz@abc.com"&amp#27;[0m                                                      &amp#27;[90m# stepdefs.LoginStepDefs.i_enter_username_as(java.lang.String)&amp#27;[0m
  &amp#27;[32mAnd &amp#27;[0m&amp#27;[32mI enter password as &amp#27;[0m&amp#27;[32m&amp#27;[1m"Xyz@1234"&amp#27;[0m                                                          &amp#27;[90m# stepdefs.LoginStepDefs.i_enter_password_as(java.lang.String)&amp#27;[0m
  &amp#27;[32mAnd &amp#27;[0m&amp#27;[32mI click on login button&amp#27;[0m                                                                 &amp#27;[90m# stepdefs.LoginStepDefs.i_click_on_login_button()&amp#27;[0m
  &amp#27;[32mThen &amp#27;[0m&amp#27;[32mI should get the error message as &amp#27;[0m&amp#27;[32m&amp#27;[1m"The email or password you have entered is invalid."&amp#27;[0m &amp#27;[90m# stepdefs.LoginStepDefs.i_should_get_the_error_message_as(java.lang.String)&amp#27;[0m
]]></system-out>
    <system-err><![CDATA[Starting ChromeDriver 114.0.5735.90 (386bc09e8f4f2e025eddae123f36f6263096ae49-refs/branch-heads/5735@{#1052}) on port 23525
Only local connections are allowed.
Please see https://chromedriver.chromium.org/security-considerations for suggestions on keeping ChromeDriver safe.
ChromeDriver was started successfully.
Jun 09, 2023 4:32:45 PM org.openqa.selenium.remote.ProtocolHandshake createSession
INFO: Detected dialect: W3C
]]></system-err>
  </testcase>
</testsuite>